<?xml version="1.0" encoding="UTF-8"?>
<testsuite name="com.zeatful.contentfulissue.ContentfulIssueApplicationTests" tests="1" skipped="0" failures="0" errors="0" timestamp="2025-01-13T23:12:30" hostname="LWC96MR910" time="0.401">
  <properties/>
  <testcase name="contextLoads()" classname="com.zeatful.contentfulissue.ContentfulIssueApplicationTests" time="0.401"/>
  <system-out><![CDATA[18:12:30.585 [Test worker] INFO org.springframework.test.context.support.AnnotationConfigContextLoaderUtils -- Could not detect default configuration classes for test class [com.zeatful.contentfulissue.ContentfulIssueApplicationTests]: ContentfulIssueApplicationTests does not declare any static, non-private, non-final, nested classes annotated with @Configuration.
18:12:30.626 [Test worker] INFO org.springframework.boot.test.context.SpringBootTestContextBootstrapper -- Found @SpringBootConfiguration com.zeatful.contentfulissue.ContentfulIssueApplication for test class com.zeatful.contentfulissue.ContentfulIssueApplicationTests

  .   ____          _            __ _ _
 /\\ / ___'_ __ _ _(_)_ __  __ _ \ \ \ \
( ( )\___ | '_ | '_| | '_ \/ _` | \ \ \ \
 \\/  ___)| |_)| | | | | || (_| |  ) ) ) )
  '  |____| .__|_| |_|_| |_\__, | / / / /
 =========|_|==============|___/=/_/_/_/

 :: Spring Boot ::                (v3.4.1)

2025-01-13T18:12:30.777-05:00  INFO 68407 --- [contentful-issue] [    Test worker] c.z.c.ContentfulIssueApplicationTests    : Starting ContentfulIssueApplicationTests using Java 17.0.13 with PID 68407 (started by eric.foster in /Users/eric.foster/angi/amp/contentful-issue)
2025-01-13T18:12:30.777-05:00  INFO 68407 --- [contentful-issue] [    Test worker] c.z.c.ContentfulIssueApplicationTests    : No active profile set, falling back to 1 default profile: "default"
2025-01-13T18:12:30.991-05:00  INFO 68407 --- [contentful-issue] [    Test worker] c.z.c.ContentfulIssueApplicationTests    : Started ContentfulIssueApplicationTests in 0.303 seconds (process running for 0.748)
]]></system-out>
  <system-err><![CDATA[]]></system-err>
</testsuite>
